<?xml version="1.0" encoding="UTF-8"?>
<testng-results skipped="0" failed="1" ignored="0" total="3" passed="2">
  <reporter-output>
  </reporter-output>
  <suite name="Calendar Functionality" duration-ms="70811" started-at="2020-07-15T18:02:48 EET" finished-at="2020-07-15T18:03:59 EET">
    <groups>
    </groups>
    <test name="Test1" duration-ms="70811" started-at="2020-07-15T18:02:48 EET" finished-at="2020-07-15T18:03:59 EET">
      <class name="com.sample.tests.CalendarTests">
        <test-method status="PASS" signature="testCalFun()[pri:0, instance:com.sample.tests.CalendarTests@769e7ee8]" name="testCalFun" duration-ms="32441" started-at="2020-07-15T18:02:48 EET" finished-at="2020-07-15T18:03:21 EET">
          <reporter-output>
          </reporter-output>
        </test-method> <!-- testCalFun -->
        <test-method status="PASS" signature="testCalRemainder()[pri:0, instance:com.sample.tests.CalendarTests@769e7ee8]" name="testCalRemainder" duration-ms="20030" started-at="2020-07-15T18:03:21 EET" finished-at="2020-07-15T18:03:41 EET">
          <reporter-output>
          </reporter-output>
        </test-method> <!-- testCalRemainder -->
        <test-method status="FAIL" signature="testCountOfEvents()[pri:0, instance:com.sample.tests.CalendarTests@769e7ee8]" name="testCountOfEvents" duration-ms="18241" started-at="2020-07-15T18:03:41 EET" finished-at="2020-07-15T18:03:59 EET">
          <exception class="java.lang.AssertionError">
            <message>
              <![CDATA[expected [1] but found [2]]]>
            </message>
            <full-stacktrace>
              <![CDATA[java.lang.AssertionError: expected [1] but found [2]
at org.testng.Assert.fail(Assert.java:97)
at org.testng.Assert.assertEqualsImpl(Assert.java:136)
at org.testng.Assert.assertEquals(Assert.java:118)
at org.testng.Assert.assertEquals(Assert.java:575)
at org.testng.Assert.assertEquals(Assert.java:585)
at com.sample.tests.CalendarTests.testCountOfEvents(CalendarTests.java:36)
at sun.reflect.NativeMethodAccessorImpl.invoke0(Native Method)
at sun.reflect.NativeMethodAccessorImpl.invoke(NativeMethodAccessorImpl.java:62)
at sun.reflect.DelegatingMethodAccessorImpl.invoke(DelegatingMethodAccessorImpl.java:43)
at java.lang.reflect.Method.invoke(Method.java:498)
at org.testng.internal.MethodInvocationHelper.invokeMethod(MethodInvocationHelper.java:135)
at org.testng.internal.TestInvoker.invokeMethod(TestInvoker.java:598)
at org.testng.internal.TestInvoker.invokeTestMethod(TestInvoker.java:174)
at org.testng.internal.MethodRunner.runInSequence(MethodRunner.java:46)
at org.testng.internal.TestInvoker$MethodInvocationAgent.invoke(TestInvoker.java:821)
at org.testng.internal.TestInvoker.invokeTestMethods(TestInvoker.java:147)
at org.testng.internal.TestMethodWorker.invokeTestMethods(TestMethodWorker.java:146)
at org.testng.internal.TestMethodWorker.run(TestMethodWorker.java:128)
at java.util.ArrayList.forEach(ArrayList.java:1257)
at org.testng.TestRunner.privateRun(TestRunner.java:767)
at org.testng.TestRunner.run(TestRunner.java:588)
at org.testng.SuiteRunner.runTest(SuiteRunner.java:384)
at org.testng.SuiteRunner.runSequentially(SuiteRunner.java:378)
at org.testng.SuiteRunner.privateRun(SuiteRunner.java:337)
at org.testng.SuiteRunner.run(SuiteRunner.java:286)
at org.testng.SuiteRunnerWorker.runSuite(SuiteRunnerWorker.java:53)
at org.testng.SuiteRunnerWorker.run(SuiteRunnerWorker.java:96)
at org.testng.TestNG.runSuitesSequentially(TestNG.java:1214)
at org.testng.TestNG.runSuitesLocally(TestNG.java:1136)
at org.testng.TestNG.runSuites(TestNG.java:1066)
at org.testng.TestNG.run(TestNG.java:1034)
at org.testng.remote.AbstractRemoteTestNG.run(AbstractRemoteTestNG.java:115)
at org.testng.remote.RemoteTestNG.initAndRun(RemoteTestNG.java:251)
at org.testng.remote.RemoteTestNG.main(RemoteTestNG.java:77)
]]>
            </full-stacktrace>
          </exception> <!-- java.lang.AssertionError -->
          <reporter-output>
          </reporter-output>
        </test-method> <!-- testCountOfEvents -->
      </class> <!-- com.sample.tests.CalendarTests -->
    </test> <!-- Test1 -->
  </suite> <!-- Calendar Functionality -->
</testng-results>
